<?xml version="1.0" encoding="UTF-8"?>
<!-- Generated by org.testng.reporters.JUnitReportReporter -->
<testsuite hostname="MSI" failures="0" tests="2" name="basics.NewTest" time="0.014" errors="0" timestamp="2025-06-14T11:53:37 IST" skipped="0">
  <testcase classname="basics.NewTest" name="tc2" time="0.005"/>
  <testcase classname="basics.NewTest" name="tc1" time="0.009"/>
</testsuite> <!-- basics.NewTest -->
