<?xml version="1.0" encoding="UTF-8"?>
<!-- Generated by org.testng.reporters.JUnitReportReporter -->
<testsuite hostname="MSI" failures="0" tests="4" name="basics.Sample" time="0.016" errors="0" timestamp="2025-06-10T13:43:19 IST" skipped="0">
  <testcase classname="basics.Sample" name="d" time="0.002"/>
  <testcase classname="basics.Sample" name="b" time="0.001"/>
  <testcase classname="basics.Sample" name="c" time="0.002"/>
  <testcase classname="basics.Sample" name="a" time="0.011"/>
</testsuite> <!-- basics.Sample -->
